c:\users\tetcos.tetcos-pc\desktop\leach_x64_v10.0.14\dsr\x64\debug\vc140.pdb
c:\users\tetcos.tetcos-pc\desktop\leach_x64_v10.0.14\dsr\x64\debug\vc140.idb
c:\users\tetcos.tetcos-pc\desktop\leach_x64_v10.0.14\dsr\x64\debug\checkroutefound.obj
c:\users\tetcos.tetcos-pc\desktop\leach_x64_v10.0.14\dsr\x64\debug\dsr.obj
c:\users\tetcos.tetcos-pc\desktop\leach_x64_v10.0.14\dsr\x64\debug\leach.obj
c:\users\tetcos.tetcos-pc\desktop\leach_x64_v10.0.14\dsr\x64\debug\maintbuffer.obj
c:\users\tetcos.tetcos-pc\desktop\leach_x64_v10.0.14\dsr\x64\debug\network_layer_ack.obj
c:\users\tetcos.tetcos-pc\desktop\leach_x64_v10.0.14\dsr\x64\debug\packetprocessing.obj
c:\users\tetcos.tetcos-pc\desktop\leach_x64_v10.0.14\dsr\x64\debug\routecache.obj
c:\users\tetcos.tetcos-pc\desktop\leach_x64_v10.0.14\dsr\x64\debug\routeerror.obj
c:\users\tetcos.tetcos-pc\desktop\leach_x64_v10.0.14\dsr\x64\debug\routereply.obj
c:\users\tetcos.tetcos-pc\desktop\leach_x64_v10.0.14\dsr\x64\debug\routerequest.obj
c:\users\tetcos.tetcos-pc\desktop\leach_x64_v10.0.14\dsr\x64\debug\sendbuffer.obj
c:\users\tetcos.tetcos-pc\desktop\leach_x64_v10.0.14\dsr\x64\debug\sourceroute.obj
c:\users\tetcos.tetcos-pc\desktop\leach_x64_v10.0.14\dsr\x64\debug\dsr.tlog\cl.command.1.tlog
c:\users\tetcos.tetcos-pc\desktop\leach_x64_v10.0.14\dsr\x64\debug\dsr.tlog\cl.read.1.tlog
c:\users\tetcos.tetcos-pc\desktop\leach_x64_v10.0.14\dsr\x64\debug\dsr.tlog\cl.write.1.tlog
c:\users\tetcos.tetcos-pc\desktop\leach_x64_v10.0.14\dsr\x64\debug\dsr.tlog\link.2604.read.1.tlog
c:\users\tetcos.tetcos-pc\desktop\leach_x64_v10.0.14\dsr\x64\debug\dsr.tlog\link.2604.write.1.tlog
c:\users\tetcos.tetcos-pc\desktop\leach_x64_v10.0.14\dsr\x64\debug\dsr.tlog\link.command.1.tlog
c:\users\tetcos.tetcos-pc\desktop\leach_x64_v10.0.14\dsr\x64\debug\dsr.tlog\link.read.1.tlog
c:\users\tetcos.tetcos-pc\desktop\leach_x64_v10.0.14\dsr\x64\debug\dsr.tlog\link.write.1.tlog
