C:\Program Files (x86)\MSBuild\Microsoft.Cpp\v4.0\V140\Microsoft.CppBuild.targets(368,5): warning MSB8004: Output Directory does not end with a trailing slash.  This build instance will add the slash as it is required to allow proper evaluation of the Output Directory.
  UnslottedCSMACA.c
  Superframe.c
  SlottedCSMACA.c
  SINRCalculation.c
  ShadowLoss.c
  Sensor.c
  LocateBackoffBoundary.c
  ErrorPathLoss.c
  ChangeRadioState.c
  CCA.c
  BERCalculation.c
  BackoffCalculation.c
  AgentModel.c
  802_15_4.c
c:\users\tetcos.tetcos-pc\desktop\leach_x64_v10.0.14\zigbee\802_15_4.c(791): warning C4013: 'is_emulated_packet' undefined; assuming extern returning int
  Generating Code...
C:\Program Files (x86)\MSBuild\Microsoft.Cpp\v4.0\V140\Microsoft.CppBuild.targets(1189,5): warning MSB8012: TargetPath(C:\Users\TETCOS.TETCOS-PC\Desktop\LEACH_x64_v10.0.14\ZigBee\..\Dll\ZigBee.dll) does not match the Linker's OutputFile property value (C:\Users\TETCOS.TETCOS-PC\Desktop\LEACH_x64_v10.0.14\Dll\libZigBee.dll). This may cause your project to build incorrectly. To correct this, please make sure that $(OutDir), $(TargetName) and $(TargetExt) property values match the value specified in %(Link.OutputFile).
C:\Program Files (x86)\MSBuild\Microsoft.Cpp\v4.0\V140\Microsoft.CppBuild.targets(1191,5): warning MSB8012: TargetName(ZigBee) does not match the Linker's OutputFile property value (libZigBee). This may cause your project to build incorrectly. To correct this, please make sure that $(OutDir), $(TargetName) and $(TargetExt) property values match the value specified in %(Link.OutputFile).
802_15_4.obj : warning LNK4075: ignoring '/EDITANDCONTINUE' due to '/OPT:LBR' specification
  Zigbee.lib(802_15_4_lib.obj) : MSIL .netmodule or module compiled with /GL found; restarting link with /LTCG; add /LTCG to the link command line to improve linker performance
802_15_4.obj : warning LNK4075: ignoring '/EDITANDCONTINUE' due to '/OPT:LBR' specification
     Creating library ..\Dll\ZigBee.lib and object ..\Dll\ZigBee.exp
LINK : warning LNK4098: defaultlib 'MSVCRT' conflicts with use of other libs; use /NODEFAULTLIB:library
  Generating code
g:\netsimbackend\9.2\simulation\zigbeelib\emulated_agent.c(315): warning C4716: 'is_emulated_packet': must return a value
  Finished generating code
Zigbee.lib(802_15_4_lib.obj) : warning LNK4099: PDB 'ZigbeeLib.pdb' was not found with 'Zigbee.lib(802_15_4_lib.obj)' or at 'C:\Users\TETCOS.TETCOS-PC\Desktop\LEACH_x64_v10.0.14\Dll\ZigbeeLib.pdb'; linking object as if no debug info
Zigbee.lib(emulated_agent.obj) : warning LNK4099: PDB 'ZigbeeLib.pdb' was not found with 'Zigbee.lib(emulated_agent.obj)' or at 'C:\Users\TETCOS.TETCOS-PC\Desktop\LEACH_x64_v10.0.14\Dll\ZigbeeLib.pdb'; linking object as if no debug info
Zigbee.lib(Socket.obj) : warning LNK4099: PDB 'ZigbeeLib.pdb' was not found with 'Zigbee.lib(Socket.obj)' or at 'C:\Users\TETCOS.TETCOS-PC\Desktop\LEACH_x64_v10.0.14\Dll\ZigbeeLib.pdb'; linking object as if no debug info
Zigbee.lib(pcapwriter.obj) : warning LNK4099: PDB 'ZigbeeLib.pdb' was not found with 'Zigbee.lib(pcapwriter.obj)' or at 'C:\Users\TETCOS.TETCOS-PC\Desktop\LEACH_x64_v10.0.14\Dll\ZigbeeLib.pdb'; linking object as if no debug info
List.lib(List.obj) : warning LNK4099: PDB 'List.pdb' was not found with 'List.lib(List.obj)' or at 'C:\Users\TETCOS.TETCOS-PC\Desktop\LEACH_x64_v10.0.14\Dll\List.pdb'; linking object as if no debug info
  ZigBee.vcxproj -> C:\Users\TETCOS.TETCOS-PC\Desktop\LEACH_x64_v10.0.14\ZigBee\..\Dll\ZigBee.dll
  ZigBee.vcxproj -> ..\Dll\ZigBee.pdb (Full PDB)
